2019/09/11-11:48 [main] INFO  com.qsccc.yyjhservice.YyjhServiceApplicationTests- Starting YyjhServiceApplicationTests on DESKTOP-O0O4M4C with PID 9028 (started by 11917 in D:\IntelliJ IDEA2018\workspace\yyjh-datasource\yyjh-service)
2019/09/11-11:48 [main] INFO  com.qsccc.yyjhservice.YyjhServiceApplicationTests- No active profile set, falling back to default profiles: default
2019/09/11-11:48 [main] INFO  org.springframework.context.support.PostProcessorRegistrationDelegate$BeanPostProcessorChecker- Bean 'org.springframework.transaction.annotation.ProxyTransactionManagementConfiguration' of type [org.springframework.transaction.annotation.ProxyTransactionManagementConfiguration$$EnhancerBySpringCGLIB$$97e6b96] is not eligible for getting processed by all BeanPostProcessors (for example: not eligible for auto-proxying)
2019/09/11-11:48 [main] INFO  com.qsccc.yyjhservice.config.jedis.JedisConfig- JedisPool注入成功！
2019/09/11-11:48 [main] INFO  com.qsccc.yyjhservice.config.jedis.JedisConfig- redis地址：127.0.0.1:6379
2019/09/11-11:48 [main] INFO  org.springframework.scheduling.concurrent.ThreadPoolTaskExecutor- Initializing ExecutorService 'applicationTaskExecutor'
2019/09/11-11:48 [main] INFO  org.springframework.boot.actuate.endpoint.web.EndpointLinksResolver- Exposing 2 endpoint(s) beneath base path '/actuator'
2019/09/11-11:48 [main] INFO  com.qsccc.yyjhservice.YyjhServiceApplicationTests- Started YyjhServiceApplicationTests in 3.875 seconds (JVM running for 5.631)
2019/09/11-11:48 [Thread-2] INFO  org.springframework.scheduling.concurrent.ThreadPoolTaskExecutor- Shutting down ExecutorService 'applicationTaskExecutor'
2019/09/11-11:54 [main] INFO  com.qsccc.yyjhservice.YyjhServiceApplicationTests- Starting YyjhServiceApplicationTests on DESKTOP-O0O4M4C with PID 11176 (started by 11917 in D:\IntelliJ IDEA2018\workspace\yyjh-datasource\yyjh-service)
2019/09/11-11:54 [main] INFO  com.qsccc.yyjhservice.YyjhServiceApplicationTests- No active profile set, falling back to default profiles: default
2019/09/11-11:54 [main] INFO  org.springframework.context.support.PostProcessorRegistrationDelegate$BeanPostProcessorChecker- Bean 'org.springframework.transaction.annotation.ProxyTransactionManagementConfiguration' of type [org.springframework.transaction.annotation.ProxyTransactionManagementConfiguration$$EnhancerBySpringCGLIB$$cd2fda9d] is not eligible for getting processed by all BeanPostProcessors (for example: not eligible for auto-proxying)
2019/09/11-11:54 [main] INFO  com.qsccc.yyjhservice.config.jedis.JedisConfig- JedisPool注入成功！
2019/09/11-11:54 [main] INFO  com.qsccc.yyjhservice.config.jedis.JedisConfig- redis地址：127.0.0.1:6379
2019/09/11-11:54 [main] INFO  org.springframework.scheduling.concurrent.ThreadPoolTaskExecutor- Initializing ExecutorService 'applicationTaskExecutor'
2019/09/11-11:54 [main] INFO  org.springframework.boot.actuate.endpoint.web.EndpointLinksResolver- Exposing 2 endpoint(s) beneath base path '/actuator'
2019/09/11-11:54 [main] INFO  com.qsccc.yyjhservice.YyjhServiceApplicationTests- Started YyjhServiceApplicationTests in 3.437 seconds (JVM running for 4.335)
2019/09/11-11:54 [main] INFO  com.zaxxer.hikari.HikariDataSource- DatebookHikariCP - Starting...
2019/09/11-11:54 [main] INFO  com.zaxxer.hikari.HikariDataSource- DatebookHikariCP - Start completed.
2019/09/11-11:54 [Thread-2] INFO  org.springframework.scheduling.concurrent.ThreadPoolTaskExecutor- Shutting down ExecutorService 'applicationTaskExecutor'
2019/09/11-11:54 [Thread-2] INFO  com.zaxxer.hikari.HikariDataSource- DatebookHikariCP - Shutdown initiated...
2019/09/11-11:54 [Thread-2] INFO  com.zaxxer.hikari.HikariDataSource- DatebookHikariCP - Shutdown completed.
